002F:build.xml:02479:1:14=4DD25D13:16=47d21313:<?xml version="1.0" encoding="UTF-8" standalone="no"?>
<!-- WARNING: Eclipse auto-generated file.
              Any modifications will be overwritten.
              To include a user specific buildfile here, simply create one in the same
              directory with the processing instruction <?eclipse.ant.import?>
              as the first entry and export the buildfile again. -->
<project basedir="." default="build" name="onlinefill">
    <property environment="env"/>
    <property name="ECLIPSE_HOME" value="../../../AppData/Local/Genuitec/MyEclipse 8.5"/>
    <property name="junit.output.dir" value="junit"/>
    <property name="debuglevel" value="source,lines,vars"/>
    <property name="target" value="1.5"/>
    <property name="source" value="1.5"/>
    <path id="Java EE 5 Libraries.libraryclasspath">
        <pathelement location="../../../AppData/Local/Genuitec/Common/plugins/com.genuitec.eclipse.j2eedt.core_8.5.0.me201003231033/data/libraryset/EE_5/javaee.jar"/>
        <pathelement location="../../../AppData/Local/Genuitec/Common/plugins/com.genuitec.eclipse.j2eedt.core_8.5.0.me201003231033/data/libraryset/EE_5/jsf-impl.jar"/>
        <pathelement location="../../../AppData/Local/Genuitec/Common/plugins/com.genuitec.eclipse.j2eedt.core_8.5.0.me201003231033/data/libraryset/EE_5/jsf-api.jar"/>
        <pathelement location="../../../AppData/Local/Genuitec/Common/plugins/com.genuitec.eclipse.j2eedt.core_8.5.0.me201003231033/data/libraryset/EE_5/jstl-1.2.jar"/>
    </path>
    <path id="JUnit 4.libraryclasspath">
        <pathelement location="../../../AppData/Local/Genuitec/Common/plugins/org.junit4_4.5.0.v20090824/junit.jar"/>
        <pathelement location="../../../AppData/Local/Genuitec/Common/plugins/org.hamcrest.core_1.1.0.v20090501071000.jar"/>
    </path>
    <path id="onlinefill.classpath">
        <pathelement location="WebRoot/WEB-INF/classes"/>
        <path refid="Java EE 5 Libraries.libraryclasspath"/>
        <path refid="JUnit 4.libraryclasspath"/>
        <pathelement location="D:/poi-3.6/poi-3.6-20091214.jar"/>
        <pathelement location="D:/poi-3.6/poi-contrib-3.6-20091214.jar"/>
        <pathelement location="D:/poi-3.6/poi-examples-3.6-20091214.jar"/>
        <pathelement location="D:/poi-3.6/poi-ooxml-3.6-20091214.jar"/>
        <pathelement location="D:/poi-3.6/poi-ooxml-schemas-3.6-20091214.jar"/>
        <pathelement location="D:/poi-3.6/poi-scratchpad-3.6-20091214.jar"/>
        <pathelement location="D:/poi-3.6/ooxml-lib/xmlbeans-2.3.0.jar"/>
        <pathelement location="D:/poi-3.6/ooxml-lib/geronimo-stax-api_1.0_spec-1.0.jar"/>
        <pathelement location="D:/lib/antlr-2.7.6.jar"/>
        <pathelement location="D:/lib/asm-3.1.jar"/>
        <pathelement location="D:/lib/asm-attrs.jar"/>
        <pathelement location="D:/lib/aspectjweaver.jar"/>
        <pathelement location="D:/lib/cglib-nodep-2.1_3.jar"/>
        <pathelement location="D:/lib/commons-beanutils.jar"/>
        <pathelement location="D:/lib/commons-collections-3.2.jar"/>
        <pathelement location="D:/lib/commons-dbcp-1.2.1.jar"/>
        <pathelement location="D:/lib/commons-lang.jar"/>
        <pathelement location="D:/lib/commons-logging-1.0.4.jar"/>
        <pathelement location="D:/lib/commons-pool-1.2.jar"/>
        <pathelement location="D:/lib/dom4j-1.6.1.jar"/>
        <pathelement location="D:/lib/ehcache-1.2.3.jar"/>
        <pathelement location="D:/lib/ejb3-persistence.jar"/>
        <pathelement location="D:/lib/ezmorph-1.0.4.jar"/>
        <pathelement location="D:/lib/hibernate3.jar"/>
        <pathelement location="D:/lib/hibernate-annotations.jar"/>
        <pathelement location="D:/lib/hibernate-entitymanager.jar"/>
        <pathelement location="D:/lib/javassist.jar"/>
        <pathelement location="D:/lib/jboss-common.jar"/>
        <pathelement location="D:/lib/jersey-bundle-1.0.2.jar"/>
        <pathelement location="D:/lib/jersey-spring-1.0.1.jar"/>
        <pathelement location="D:/lib/jettison-1.0.1.jar"/>
        <pathelement location="D:/lib/json-lib-2.2.2-jdk15.jar"/>
        <pathelement location="D:/lib/jsr311-api-1.0.jar"/>
        <pathelement location="D:/lib/jta.jar"/>
        <pathelement location="D:/lib/log4j-1.2.11.jar"/>
        <pathelement location="D:/lib/mysql-connector-java-5.0.0-beta-bin.jar"/>
        <pathelement location="D:/lib/spring.jar"/>
        <pathelement location="D:/lib/spring-hibernate3.jar"/>
    </path>
    <path id="run.Excel0307 (1).bootclasspath">
        <fileset dir="${java.home}/lib" includes="*.jar"/>
        <fileset dir="${java.home}/lib/ext" includes="*.jar"/>
        <path refid="Java EE 5 Libraries.libraryclasspath"/>
    </path>
    <path id="run.Excel0307.bootclasspath">
        <fileset dir="${java.home}/lib" includes="*.jar"/>
        <fileset dir="${java.home}/lib/ext" includes="*.jar"/>
        <path refid="Java EE 5 Libraries.libraryclasspath"/>
    </path>
    <path id="run.ExcelTest.bootclasspath">
        <fileset dir="${java.home}/lib" includes="*.jar"/>
        <fileset dir="${java.home}/lib/ext" includes="*.jar"/>
        <path refid="Java EE 5 Libraries.libraryclasspath"/>
    </path>
    <path id="run.OrganizeDAOTest (1).bootclasspath">
        <fileset dir="${java.home}/lib" includes="*.jar"/>
        <fileset dir="${java.home}/lib/ext" includes="*.jar"/>
        <path refid="Java EE 5 Libraries.libraryclasspath"/>
    </path>
    <target name="init">
        <mkdir dir="WebRoot/WEB-INF/classes"/>
        <copy includeemptydirs="false" todir="WebRoot/WEB-INF/classes">
            <fileset dir="src">
                <exclude name="**/*.launch"/>
                <exclude name="**/*.java"/>
            </fileset>
        </copy>
    </target>
    <target name="clean">
        <delete dir="WebRoot/WEB-INF/classes"/>
    </target>
    <target depends="clean" name="cleanall"/>
    <target depends="build-subprojects,build-project" name="build"/>
    <target name="build-subprojects"/>
    <target depends="init" name="build-project">
        <echo message="${ant.project.name}: ${ant.file}"/>
        <javac debug="true" debuglevel="${debuglevel}" destdir="WebRoot/WEB-INF/classes" source="${source}" target="${target}">
            <src path="src"/>
            <classpath refid="onlinefill.classpath"/>
        </javac>
    </target>
    <target description="Build all projects which reference this project. Useful to propagate changes." name="build-refprojects"/>
    <target description="copy Eclipse compiler jars to ant lib directory" name="init-eclipse-compiler">
        <copy todir="${ant.library.dir}">
            <fileset dir="${ECLIPSE_HOME}/plugins" includes="org.eclipse.jdt.core_*.jar"/>
        </copy>
        <unzip dest="${ant.library.dir}">
            <patternset includes="jdtCompilerAdapter.jar"/>
            <fileset dir="${ECLIPSE_HOME}/plugins" includes="org.eclipse.jdt.core_*.jar"/>
        </unzip>
    </target>
    <target description="compile project with Eclipse compiler" name="build-eclipse-compiler">
        <property name="build.compiler" value="org.eclipse.jdt.core.JDTCompilerAdapter"/>
        <antcall target="build"/>
    </target>
    <target name="Excel0307 (1)">
        <java classname="Junit4.test.Excel0307" failonerror="true" fork="yes">
            <classpath refid="onlinefill.classpath"/>
            <bootclasspath>
                <path refid="run.Excel0307 (1).bootclasspath"/>
            </bootclasspath>
        </java>
    </target>
    <target name="Excel0307">
        <mkdir dir="${junit.output.dir}"/>
        <junit fork="yes" printsummary="withOutAndErr">
            <formatter type="xml"/>
            <test name="Junit4.test.Excel0307" todir="${junit.output.dir}"/>
            <classpath refid="onlinefill.classpath"/>
            <bootclasspath>
                <path refid="run.Excel0307.bootclasspath"/>
            </bootclasspath>
        </junit>
    </target>
    <target name="ExcelTest">
        <mkdir dir="${junit.output.dir}"/>
        <junit fork="yes" printsummary="withOutAndErr">
            <formatter type="xml"/>
            <test name="Junit4.test.ExcelTest" todir="${junit.output.dir}"/>
            <classpath refid="onlinefill.classpath"/>
            <bootclasspath>
                <path refid="run.ExcelTest.bootclasspath"/>
            </bootclasspath>
        </junit>
    </target>
    <target name="OrganizeDAOTest (1)">
        <mkdir dir="${junit.output.dir}"/>
        <junit fork="yes" printsummary="withOutAndErr">
            <formatter type="xml"/>
            <test name="Junit4.test.OrganizeDAOTest" todir="${junit.output.dir}"/>
            <classpath refid="onlinefill.classpath"/>
            <bootclasspath>
                <path refid="run.OrganizeDAOTest (1).bootclasspath"/>
            </bootclasspath>
        </junit>
    </target>
    <target name="junitreport">
        <junitreport todir="${junit.output.dir}">
            <fileset dir="${junit.output.dir}">
                <include name="TEST-*.xml"/>
            </fileset>
            <report format="frames" todir="${junit.output.dir}"/>
        </junitreport>
    </target>
</project>
002D:src:000000000:2:14=48041e4b:16=47d21313:002F:config.xml:0D9D:1:14=51A6B5F9:16=47d21313:<?xml version="1.0" encoding="UTF-8"?>
<beans xmlns="http://www.springframework.org/schema/beans"
	xmlns:xsi="http://www.w3.org/2001/XMLSchema-instance" xmlns:aop="http://www.springframework.org/schema/aop"
	xmlns:tx="http://www.springframework.org/schema/tx"
	xsi:schemaLocation="
       http://www.springframework.org/schema/beans http://www.springframework.org/schema/beans/spring-beans-2.0.xsd
       http://www.springframework.org/schema/tx http://www.springframework.org/schema/tx/spring-tx-2.0.xsd
       http://www.springframework.org/schema/aop http://www.springframework.org/schema/aop/spring-aop-2.0.xsd">
	<bean id="organizeService" class="org.online.services.OrganizeService">
		<property name="organizeDAO" ref="OrganizeDAO"></property>
	</bean>
	<bean id="acountsService" class="org.online.services.AcountsService">
		<property name="acountsDAO" ref="AcountsDAO"></property>
		<property name="dataSource" ref="dataSource"></property>
	</bean>
	<bean id="tabledirService" class="org.online.services.TabledirService">
		<property name="tabledirDAO" ref="TabledirDAO"></property>
	</bean>
	<bean id="tablelistService" class="org.online.services.TablelistService">
		<property name="tablelistDAO" ref="TablelistDAO"></property>
		<property name="dataSource" ref="dataSource"></property>
	</bean>
	<bean id="dealsService" class="org.online.services.DealsService">
		<property name="dealsDAO" ref="DealsDAO"></property>
	</bean>

	<bean id="dataSource"
		class="org.springframework.jdbc.datasource.DriverManagerDataSource">
		<property name="driverClassName" value="oracle.jdbc.driver.OracleDriver" />
		<property name="url" value="jdbc:oracle:thin:@localhost:1521:orcl" />
		<property name="username" value="onlinefill" />
		<property name="password" value="12345" />
	</bean>
	<bean
		class="org.springframework.orm.jpa.support.PersistenceAnnotationBeanPostProcessor">
	</bean>
	<bean id="entityManagerFactory"
		class="org.springframework.orm.jpa.LocalEntityManagerFactoryBean">
		<property name="persistenceUnitName" value="onlinefillPU" />
	</bean>
	<bean id="transactionManager" class="org.springframework.orm.jpa.JpaTransactionManager">
		<property name="entityManagerFactory" ref="entityManagerFactory" />
	</bean>
	<tx:annotation-driven transaction-manager="transactionManager" />
	<!--
		<bean id="AcountsDAO" class="org.online.dao.AcountsDAO"> <property
		name="entityManagerFactory" ref="entityManagerFactory" /> </bean>
		<bean id="DealsDAO" class="org.online.dao.DealsDAO"> <property
		name="entityManagerFactory" ref="entityManagerFactory" /> </bean>
		<bean id="TablelistDAO" class="org.online.dao.TablelistDAO"> <property
		name="entityManagerFactory" ref="entityManagerFactory" /> </bean>
	-->
	<bean id="OrganizeDAO" class="org.online.dao.OrganizeDAO">
		<property name="entityManagerFactory" ref="entityManagerFactory" />
	</bean>
	<bean id="AcountsDAO" class="org.online.dao.AcountsDAO">
		<property name="entityManagerFactory" ref="entityManagerFactory" />
	</bean>
	<bean id="TabledirDAO" class="org.online.dao.TabledirDAO">
		<property name="entityManagerFactory" ref="entityManagerFactory" />
	</bean>
	<bean id="TablelistDAO" class="org.online.dao.TablelistDAO">
		<property name="entityManagerFactory" ref="entityManagerFactory" />
	</bean>
	<bean id="DealsDAO" class="org.online.dao.DealsDAO">
		<property name="entityManagerFactory" ref="entityManagerFactory" />
	</bean>
</beans>0035:log4j.properties:0437:1:14=51A6B3A4:16=47d21313:log4j.rootLogger=DEBUG,stdout
log4j.logger.org=ERROR, A1
log4j.logger.com.blog =DEBUG,A2
#A1应用于文件回滚
log4j.appender.A1=org.apache.log4j.RollingFileAppender
log4j.appender.A1.File=org.log
log4j.appender.A1.MaxFileSize=500KB
log4j.appender.A1.MaxBackupIndex=50
log4j.appender.A1.Append=true
log4j.appender.A1.layout=org.apache.log4j.PatternLayout
log4j.appender.A1.layout.ConversionPattern=%d{ISO8601} - [%p] [%C{1}] - %m%n
#A2应用于文件回滚
log4j.appender.A2=org.apache.log4j.RollingFileAppender
log4j.appender.A2.File=online.log
log4j.appender.A2.MaxFileSize=500KB
log4j.appender.A2.MaxBackupIndex=50
log4j.appender.A2.Append=true
log4j.appender.A2.layout=org.apache.log4j.PatternLayout
log4j.appender.A2.layout.ConversionPattern=%d{ISO8601} - [%p] [%C{1}] - %m%n
#stdout应用于控制台
log4j.appender.stdout=org.apache.log4j.ConsoleAppender
log4j.appender.stdout.layout=org.apache.log4j.PatternLayout
# Pattern to output th